{
  "0 debug pnpm:scope": {
    "selected": 1
  },
  "1 error pnpm": {
    "code": "ELIFECYCLE",
    "errno": "ENOENT",
    "syscall": "spawn",
    "file": "sh",
    "pkgid": "bam-utility-plugins@0.2.1",
    "stage": "build",
    "script": "rollup -c",
    "pkgname": "bam-utility-plugins",
    "err": {
      "name": "pnpm",
      "message": "bam-utility-plugins@0.2.1 build: `rollup -c`\nspawn ENOENT",
      "code": "ELIFECYCLE",
      "stack": "pnpm: bam-utility-plugins@0.2.1 build: `rollup -c`\nspawn ENOENT\n    at ChildProcess.<anonymous> (/snapshot/dist/pnpm.cjs)\n    at ChildProcess.emit (events.js:376:20)\n    at maybeClose (internal/child_process.js:1055:16)\n    at Process.ChildProcess._handle.onexit (internal/child_process.js:288:5)"
    }
  },
  "2 warn pnpm:global": " Local package.json exists, but node_modules missing, did you mean to install?"
}